вҳҒпёҸ  Cloud database detected - enabling SSL
рҹ”§ NODE_ENV: development
рҹ”§ RENDER_SERVICE: undefined
рҹ”§ ENVIRONMENT DETECTION: DEVELOPMENT
вҡҷпёҸ  System Config: Env=development | Port=8000 | DB=PostgreSQL (Cloud)
рҹ”— DB URI: postgresql://***:***@ep-muddy-cherry-an9o34db-pooler.c-6.us-east-1.aws.neon.tech/neondb?sslmode=require&channel_binding=require
рҹ”җ Applying Neon-safe middleware chains...
рҹ”Ң Connecting to unified schema-per-tenant database...
рҹ”Қ Loading route: routes/tenant/tenant.routes.js -> /Users/admin/Downloads/billu by brewwlabs/pos-backend-multitenant-issues-resolved-updatd-code-21-march-2026/routes/tenant/tenant.routes.js
вҡ пёҸ  Route not found: routes/tenant/tenant.routes.js - Cannot find module '../utils/safeQuery'
Require stack:
- /Users/admin/Downloads/billu by brewwlabs/pos-backend-multitenant-issues-resolved-updatd-code-21-march-2026/controllers/tenant/profileController.js
- /Users/admin/Downloads/billu by brewwlabs/pos-backend-multitenant-issues-resolved-updatd-code-21-march-2026/routes/tenant/tenant.routes.js
- /Users/admin/Downloads/billu by brewwlabs/pos-backend-multitenant-issues-resolved-updatd-code-21-march-2026/src/architecture/neonSafeMiddlewareChain.js
- /Users/admin/Downloads/billu by brewwlabs/pos-backend-multitenant-issues-resolved-updatd-code-21-march-2026/app.js
   Full path attempted: /Users/admin/Downloads/billu by brewwlabs/pos-backend-multitenant-issues-resolved-updatd-code-21-march-2026/routes/tenant/tenant.routes.js
рҹ”Қ Loading route: routes/inventoryRoutes.js -> /Users/admin/Downloads/billu by brewwlabs/pos-backend-multitenant-issues-resolved-updatd-code-21-march-2026/routes/inventoryRoutes.js
вң… Route loaded: routes/inventoryRoutes.js
рҹ”Қ Loading route: routes/accountingRoute.js -> /Users/admin/Downloads/billu by brewwlabs/pos-backend-multitenant-issues-resolved-updatd-code-21-march-2026/routes/accountingRoute.js
вң… Route loaded: routes/accountingRoute.js
рҹ”Қ Loading route: src/auth/auth.routes.js -> /Users/admin/Downloads/billu by brewwlabs/pos-backend-multitenant-issues-resolved-updatd-code-21-march-2026/src/auth/auth.routes.js
вң… Route loaded: src/auth/auth.routes.js
рҹ”Қ Loading route: routes/userRoute.js -> /Users/admin/Downloads/billu by brewwlabs/pos-backend-multitenant-issues-resolved-updatd-code-21-march-2026/routes/userRoute.js
вң… Route loaded: routes/userRoute.js
рҹ”Қ Loading route: routes/superAdminRoute.js -> /Users/admin/Downloads/billu by brewwlabs/pos-backend-multitenant-issues-resolved-updatd-code-21-march-2026/routes/superAdminRoute.js
вң… Route loaded: routes/superAdminRoute.js
рҹ”Қ Loading route: routes/uploadRoute.js -> /Users/admin/Downloads/billu by brewwlabs/pos-backend-multitenant-issues-resolved-updatd-code-21-march-2026/routes/uploadRoute.js
вң… Route loaded: routes/uploadRoute.js
рҹ”Қ Loading route: routes/onboardingRoute.js -> /Users/admin/Downloads/billu by brewwlabs/pos-backend-multitenant-issues-resolved-updatd-code-21-march-2026/routes/onboardingRoute.js
вң… Route loaded: routes/onboardingRoute.js
вң… Neon-safe middleware chains applied successfully
рҹ“Ӣ Registered API Routes:
   - GET  /health
   - GET  /health/detailed
   - /api/admin/*    (Admin routes with auth)
   - /api/tenant/*   (Tenant routes with auth)
   - /api/inventory/* (Inventory routes with auth)
   - /api/tenant/accounting/* (Accounting routes with auth)
   - /api/auth/*     (Public auth routes)
   - /api/user/*     (Public user routes - includes /test, /onboarding/business)
   - /api/super-admin/* (Public super-admin routes)
   - /api/upload/*   (Public upload routes)
   - /api/onboarding/* (Public onboarding routes - includes /business)
рҹ”Ң Initializing Neon-safe database connections...
рҹ”Ң Attempting unified database connection to ep-muddy-cherry-an9o34db-pooler.c-6.us-east-1.aws.neon.tech...
вҸӯпёҸ  Periodic cleanup tasks disabled (performance optimization)
вҸ° Background jobs scheduled
(node:17483) Warning: SECURITY WARNING: The SSL modes 'prefer', 'require', and 'verify-ca' are treated as aliases for 'verify-full'.
In the next major version (pg-connection-string v3.0.0 and pg v9.0.0), these modes will adopt standard libpq semantics, which have weaker security guarantees.

To prepare for this change:
- If you want the current behavior, explicitly use 'sslmode=verify-full'
- If you want libpq compatibility now, use 'uselibpqcompat=true&sslmode=require'

See https://www.postgresql.org/docs/current/libpq-ssl.html for libpq SSL mode definitions.
(Use `node --trace-warnings ...` to show where the warning was created)
вң… Unified database connection established
рҹ”Ң Connecting to unified schema-per-tenant database...
рҹ”Ң Connecting to unified schema-per-tenant database...
вң… Unified database connection established
Executing (default): SELECT 1+1 AS result
вң… Unified database connection established
Executing (default): SELECT 1+1 AS result
вң… Unified PostgreSQL Connection Authenticated.
[TX:b72c63d1] START TRANSACTION;...
Executing (b72c63d1-ec58-468c-99f8-4075f2dd30f8): START TRANSACTION;
вң… Neon transaction executor is healthy
[TX:b72c63d1] SELECT 1 FROM pg_namespace WHERE nspname = 'public'...
Executing (b72c63d1-ec58-468c-99f8-4075f2dd30f8): SELECT 1 FROM pg_namespace WHERE nspname = 'public'
[TX:b72c63d1] COMMIT;...
Executing (b72c63d1-ec58-468c-99f8-4075f2dd30f8): COMMIT;
вң… Public schema verified.
Executing (default): SELECT 1+1 AS result
вң… Control Plane validation successful (via Unified Instance)
рҹ“Ұ Pre-loading models...
вқҢ Failed to setup associations: AssociationError [SequelizeAssociationError]: You have used the alias category in two separate associations. Aliased associations must have unique aliases.
    at new Association (/Users/admin/Downloads/billu by brewwlabs/pos-backend-multitenant-issues-resolved-updatd-code-21-march-2026/node_modules/sequelize/lib/associations/base.js:13:13)
    at new BelongsTo (/Users/admin/Downloads/billu by brewwlabs/pos-backend-multitenant-issues-resolved-updatd-code-21-march-2026/node_modules/sequelize/lib/associations/belongs-to.js:25:5)
    at Product.<anonymous> (/Users/admin/Downloads/billu by brewwlabs/pos-backend-multitenant-issues-resolved-updatd-code-21-march-2026/node_modules/sequelize/lib/associations/mixin.js:70:25)
    at ModelRegistry.setupAssociations (/Users/admin/Downloads/billu by brewwlabs/pos-backend-multitenant-issues-resolved-updatd-code-21-march-2026/src/architecture/modelFactory.js:153:36)
    at ModelRegistry.createModels (/Users/admin/Downloads/billu by brewwlabs/pos-backend-multitenant-issues-resolved-updatd-code-21-march-2026/src/architecture/modelFactory.js:88:27)
    at ModelFactory.createModels (/Users/admin/Downloads/billu by brewwlabs/pos-backend-multitenant-issues-resolved-updatd-code-21-march-2026/src/architecture/modelFactory.js:401:36)
    at initializeNeonSafeDatabases (/Users/admin/Downloads/billu by brewwlabs/pos-backend-multitenant-issues-resolved-updatd-code-21-march-2026/app.js:397:24)
    at process.processTicksAndRejections (node:internal/process/task_queues:105:5)
    at async initializeNeonSafeApp (/Users/admin/Downloads/billu by brewwlabs/pos-backend-multitenant-issues-resolved-updatd-code-21-march-2026/app.js:413:5)
    at async startNeonSafeServer (/Users/admin/Downloads/billu by brewwlabs/pos-backend-multitenant-issues-resolved-updatd-code-21-march-2026/app.js:428:5)
вҡ пёҸ Some associations were already defined or had conflicts: You have used the alias category in two separate associations. Aliased associations must have unique aliases.
вң… Models pre-loaded successfully
вң… All Neon-safe database connections established
вң… Neon-safe application initialized successfully
рҹҡҖ Neon-Safe Server running on port 8000
рҹ“Ӣ Environment: development
рҹҸ—пёҸ Architecture: Neon-Safe Schema-per-Tenant
рҹ”— Health Check: http://localhost:8000/health
рҹ“Ҡ Detailed Health: http://localhost:8000/health/detailed
рҹ”җ Transaction Safety: ENFORCED
вҡЎ Neon Optimized: YES
рҹ“Ҳ Initial metrics population...
вҸұпёҸ [ONBOARDING] Starting: 1ms (Total: 1ms)
вҸұпёҸ [ONBOARDING] Executor setup: 3ms (Total: 4ms)
[TX START] Tenant: public | ID: tx_1774384848800_wq7gq
вҸұпёҸ [TENANT MODELS] Cache miss for tenant_public, loading models...
вҸұпёҸ [TENANT MODELS] getCachedModels took 1ms
вҸұпёҸ [TENANT MODELS] Got 40 models from sequelize
вҸұпёҸ [TENANT MODELS] Schema binding took 12ms
вң… [TENANT MODELS] Cached 40 models for tenant_public
вҸұпёҸ [TX] getTenantModels took 15ms
рҹ”Ң Connecting to unified schema-per-tenant database...
вң… Unified database connection established
[TX:332d32df] START TRANSACTION;...
Executing (332d32df-fb3e-422f-9a85-85c0a63f036d): START TRANSACTION;
[TX:332d32df] SET TRANSACTION ISOLATION LEVEL READ COMMITTED;...
Executing (332d32df-fb3e-422f-9a85-85c0a63f036d): SET TRANSACTION ISOLATION LEVEL READ COMMITTED;
вҸұпёҸ [TX] Transaction creation took 4597ms
[TX:332d32df] SET LOCAL search_path TO "tenant_public"...
Executing (332d32df-fb3e-422f-9a85-85c0a63f036d): SET LOCAL search_path TO "tenant_public"
вҸұпёҸ [TX] SET search_path took 384ms
вҸұпёҸ [ONBOARDING] Transaction started: 5005ms (Total: 5009ms)
вҸұпёҸ [ONBOARDING] Models extracted: 0ms (Total: 5009ms)
[TX:332d32df] SELECT "id", "name", "address", "phone", "gst_number" AS "gstNumber", "email", "...
[TX:332d32df] SELECT "id", "business_id" AS "businessId", "outlet_id" AS "outletId", "outlet_i...
Executing (332d32df-fb3e-422f-9a85-85c0a63f036d): SELECT "id", "name", "address", "phone", "gst_number" AS "gstNumber", "email", "status", "subscription_plan", "owner_id" AS "ownerId", "business_id" AS "businessId", "type", "is_active" AS "isActive", "settings", "created_at", "updated_at" FROM "public"."businesses" AS "Business" WHERE "Business"."email" = 'testcafe2025@test.com';
Executing (332d32df-fb3e-422f-9a85-85c0a63f036d): SELECT "id", "business_id" AS "businessId", "outlet_id" AS "outletId", "outlet_ids" AS "outletIds", "name", "email", "phone", "password_hash" AS "password", "role", "is_verified" AS "isVerified", "is_active" AS "isActive", "last_login" AS "lastLogin", "panel_type" AS "panelType", "status", "salary", "location", "experience", "rating", "total_orders" AS "totalOrders", "performance", "token_version" AS "tokenVersion", "created_at", "updated_at", "business_id", "outlet_id" FROM "public"."users" AS "User" WHERE "User"."email" = 'admin2025@test.com' LIMIT 1;
вҸұпёҸ [ONBOARDING] Duplicate check completed: 837ms (Total: 5846ms)
Business 99f3c73a-552c-4060-8626-2a7422e9e4a5 properly linked to owner febf716c-cb44-40a7-aef6-2548a1312453
[TX:332d32df] INSERT INTO "public"."businesses" ("id","name","address","phone","email","status...
Executing (332d32df-fb3e-422f-9a85-85c0a63f036d): INSERT INTO "public"."businesses" ("id","name","address","phone","email","status","subscription_plan","owner_id","type","is_active","settings","created_at","updated_at") VALUES ($1,$2,$3,$4,$5,$6,$7,$8,$9,$10,$11,$12,$13) RETURNING "id","name","address","phone","gst_number","email","status","subscription_plan","owner_id","business_id","type","is_active","settings","created_at","updated_at";
вҸұпёҸ [ONBOARDING] Business created: 314ms (Total: 6160ms)
[TX:332d32df] CREATE SCHEMA IF NOT EXISTS "tenant_99f3c73a-552c-4060-8626-2a7422e9e4a5"...
Executing (332d32df-fb3e-422f-9a85-85c0a63f036d): CREATE SCHEMA IF NOT EXISTS "tenant_99f3c73a-552c-4060-8626-2a7422e9e4a5"
вҸұпёҸ [ONBOARDING] Schema created: 447ms (Total: 6607ms)
вҸұпёҸ [ONBOARDING] Password hashed: 755ms (Total: 7362ms)
[TX:332d32df] INSERT INTO "public"."users" ("id","business_id","outlet_id","outlet_ids","name"...
Executing (332d32df-fb3e-422f-9a85-85c0a63f036d): INSERT INTO "public"."users" ("id","business_id","outlet_id","outlet_ids","name","email","password_hash","role","is_verified","is_active","panel_type","status","rating","total_orders","performance","token_version","created_at","updated_at") VALUES ($1,$2,$3,$4,$5,$6,$7,$8,$9,$10,$11,$12,$13,$14,$15,$16,$17,$18) RETURNING "id","business_id","outlet_id","outlet_ids","name","email","phone","password_hash","role","is_verified","is_active","last_login","panel_type","status","salary","location","experience","rating","total_orders","performance","token_version","created_at","updated_at","business_id","outlet_id";
вҸұпёҸ [ONBOARDING] User created: 303ms (Total: 7665ms)
[TX:332d32df] INSERT INTO "public"."tenant_registry" ("id","business_id","schema_name","status...
Executing (332d32df-fb3e-422f-9a85-85c0a63f036d): INSERT INTO "public"."tenant_registry" ("id","business_id","schema_name","status","created_at") VALUES ($1,$2,$3,$4,$5) RETURNING "id","business_id","schema_name","status","created_at","business_id";
вҸұпёҸ [ONBOARDING] TenantRegistry created: 276ms (Total: 7941ms)
вҸұпёҸ [TX] User operation took 2936ms
[EXECUTOR DEBUG] executeWithTenant result: {
  "business": {
    "subscription_plan": "free",
    "isActive": true,
    "settings": {},
    "id": "99f3c73a-552c-4060-8626-2a7422e9e4a5",
    "name": "TestCafe",
    "email": "testcafe2025@test.com",
    "phone": "123",
    "address": "Addr",
    "gstNumber": null,
    "type": "SOLO",
    "status": "active",
    "ownerId": "febf716c-cb44-40a7-aef6-2548a1312453",
    "updated_at": "2026-03-24T20:40:54.643Z",
    "created_at": "2026-03-24T20:40:54.643Z",
    "businessId": null
  },
  "admin":
[TX:332d32df] COMMIT;...
Executing (332d32df-fb3e-422f-9a85-85c0a63f036d): COMMIT;
[TX END] Success | Total Duration: 8185ms
вң… Onboarding completed in 8191ms for testcafe2025@test.com
рҹ“Ҡ ONBOARDING BREAKDOWN: {"businessEmail":"testcafe2025@test.com","totalTime":8191,"businessId":"99f3c73a-552c-4060-8626-2a7422e9e4a5","schemaName":"tenant_99f3c73a-552c-4060-8626-2a7422e9e4a5"}
[CONTROLLER DEBUG] onboarding result: {
  "success": true,
  "businessId": "99f3c73a-552c-4060-8626-2a7422e9e4a5",
  "outletId": "5fe80b61-d879-49c8-bd79-ec41ac402ce7",
  "schemaName": "tenant_99f3c73a-552c-4060-8626-2a7422e9e4a5",
  "status": "onboarding",
  "message": "Business created. Schema initialization is running in background.",
  "duration": "8191ms"
}
вқҢ GLOBAL ERROR: {
  message: "Cannot read properties of undefined (reading 'id')",
  stack: "TypeError: Cannot read properties of undefined (reading 'id')\n" +
    '    at AuthService.generateAccessToken (/Users/admin/Downloads/billu by brewwlabs/pos-backend-multitenant-issues-resolved-updatd-code-21-march-2026/services/auth.service.js:287:22)\n' +
    '    at onboardBusiness (/Users/admin/Downloads/billu by brewwlabs/pos-backend-multitenant-issues-resolved-updatd-code-21-march-2026/controllers/onboardingController.js:55:45)\n' +
    '    at process.processTicksAndRejections (node:internal/process/task_queues:105:5)',
  path: '/api/onboarding/business',
  method: 'POST',
  timestamp: '2026-03-24T20:40:56.991Z'
}
Executing (default): SET search_path TO public
Executing (default): SET search_path TO public
рҹ”§ [PHASE 3] Search path reset to public after POST /api/onboarding/business
вң… POST /api/onboarding/business вҶ’ 200 (8860ms | DB: 0ms)
вҡ пёҸ SLOW REQUEST: POST /api/onboarding/business вҶ’ 200 (8860ms | DB: 0ms)
рҹ“Ҳ Triggering background metrics update...
вқҢ Metrics update failed: Command failed: node /Users/admin/Downloads/billu by brewwlabs/pos-backend-multitenant-issues-resolved-updatd-code-21-march-2026/scripts/update_system_metrics.js
node:internal/modules/cjs/loader:1386
  throw err;
  ^

Error: Cannot find module '/Users/admin/Downloads/billu'
    at Module._resolveFilename (node:internal/modules/cjs/loader:1383:15)
    at defaultResolveImpl (node:internal/modules/cjs/loader:1025:19)
    at resolveForCJSWithHooks (node:internal/modules/cjs/loader:1030:22)
    at Module._load (node:internal/modules/cjs/loader:1192:37)
    at TracingChannel.traceSync (node:diagnostics_channel:328:14)
    at wrapModuleLoad (node:internal/modules/cjs/loader:237:24)
    at Function.executeUserEntryPoint [as runMain] (node:internal/modules/run_main:171:5)
    at node:internal/main/run_main_module:36:49 {
  code: 'MODULE_NOT_FOUND',
  requireStack: []
}

Node.js v22.22.0

вҸұпёҸ [ONBOARDING] Starting: 0ms (Total: 0ms)
вҸұпёҸ [ONBOARDING] Executor setup: 1ms (Total: 1ms)
[TX START] Tenant: public | ID: tx_1774385240178_ehcb8
вң… [TENANT MODELS] Cache hit for tenant_public
вҸұпёҸ [TX] getTenantModels took 0ms
рҹ”Ң Connecting to unified schema-per-tenant database...
вң… Unified database connection established
[TX:0c2a9d08] START TRANSACTION;...
Executing (0c2a9d08-2ee8-4d25-9d09-c03716f253d9): START TRANSACTION;
[TX:0c2a9d08] SET TRANSACTION ISOLATION LEVEL READ COMMITTED;...
Executing (0c2a9d08-2ee8-4d25-9d09-c03716f253d9): SET TRANSACTION ISOLATION LEVEL READ COMMITTED;
вҸұпёҸ [TX] Transaction creation took 5303ms
[TX:0c2a9d08] SET LOCAL search_path TO "tenant_public"...
Executing (0c2a9d08-2ee8-4d25-9d09-c03716f253d9): SET LOCAL search_path TO "tenant_public"
вҸұпёҸ [TX] SET search_path took 391ms
вҸұпёҸ [ONBOARDING] Transaction started: 5695ms (Total: 5696ms)
вҸұпёҸ [ONBOARDING] Models extracted: 0ms (Total: 5696ms)
[TX:0c2a9d08] SELECT "id", "name", "address", "phone", "gst_number" AS "gstNumber", "email", "...
[TX:0c2a9d08] SELECT "id", "business_id" AS "businessId", "outlet_id" AS "outletId", "outlet_i...
Executing (0c2a9d08-2ee8-4d25-9d09-c03716f253d9): SELECT "id", "name", "address", "phone", "gst_number" AS "gstNumber", "email", "status", "subscription_plan", "owner_id" AS "ownerId", "business_id" AS "businessId", "type", "is_active" AS "isActive", "settings", "created_at", "updated_at" FROM "public"."businesses" AS "Business" WHERE "Business"."email" = 'Aakash123456@gmail.com';
Executing (0c2a9d08-2ee8-4d25-9d09-c03716f253d9): SELECT "id", "business_id" AS "businessId", "outlet_id" AS "outletId", "outlet_ids" AS "outletIds", "name", "email", "phone", "password_hash" AS "password", "role", "is_verified" AS "isVerified", "is_active" AS "isActive", "last_login" AS "lastLogin", "panel_type" AS "panelType", "status", "salary", "location", "experience", "rating", "total_orders" AS "totalOrders", "performance", "token_version" AS "tokenVersion", "created_at", "updated_at", "business_id", "outlet_id" FROM "public"."users" AS "User" WHERE "User"."email" = 'billuboies123456@test.com' LIMIT 1;
вҸұпёҸ [ONBOARDING] Duplicate check completed: 605ms (Total: 6301ms)
Business 1260f2e3-078f-4c5c-bd79-d50c46422b5a properly linked to owner f2aa0354-5ede-4d0a-a817-9ec8fa94ab6e
[TX:0c2a9d08] INSERT INTO "public"."businesses" ("id","name","address","phone","gst_number","e...
Executing (0c2a9d08-2ee8-4d25-9d09-c03716f253d9): INSERT INTO "public"."businesses" ("id","name","address","phone","gst_number","email","status","subscription_plan","owner_id","type","is_active","settings","created_at","updated_at") VALUES ($1,$2,$3,$4,$5,$6,$7,$8,$9,$10,$11,$12,$13,$14) RETURNING "id","name","address","phone","gst_number","email","status","subscription_plan","owner_id","business_id","type","is_active","settings","created_at","updated_at";
вҸұпёҸ [ONBOARDING] Business created: 310ms (Total: 6611ms)
[TX:0c2a9d08] CREATE SCHEMA IF NOT EXISTS "tenant_1260f2e3-078f-4c5c-bd79-d50c46422b5a"...
Executing (0c2a9d08-2ee8-4d25-9d09-c03716f253d9): CREATE SCHEMA IF NOT EXISTS "tenant_1260f2e3-078f-4c5c-bd79-d50c46422b5a"
вҸұпёҸ [ONBOARDING] Schema created: 269ms (Total: 6880ms)
вҸұпёҸ [ONBOARDING] Password hashed: 31ms (Total: 6911ms)
[TX:0c2a9d08] INSERT INTO "public"."users" ("id","business_id","outlet_id","outlet_ids","name"...
Executing (0c2a9d08-2ee8-4d25-9d09-c03716f253d9): INSERT INTO "public"."users" ("id","business_id","outlet_id","outlet_ids","name","email","password_hash","role","is_verified","is_active","panel_type","status","rating","total_orders","performance","token_version","created_at","updated_at") VALUES ($1,$2,$3,$4,$5,$6,$7,$8,$9,$10,$11,$12,$13,$14,$15,$16,$17,$18) RETURNING "id","business_id","outlet_id","outlet_ids","name","email","phone","password_hash","role","is_verified","is_active","last_login","panel_type","status","salary","location","experience","rating","total_orders","performance","token_version","created_at","updated_at","business_id","outlet_id";
вҸұпёҸ [ONBOARDING] User created: 612ms (Total: 7523ms)
[TX:0c2a9d08] INSERT INTO "public"."tenant_registry" ("id","business_id","schema_name","status...
Executing (0c2a9d08-2ee8-4d25-9d09-c03716f253d9): INSERT INTO "public"."tenant_registry" ("id","business_id","schema_name","status","created_at") VALUES ($1,$2,$3,$4,$5) RETURNING "id","business_id","schema_name","status","created_at","business_id";
вҸұпёҸ [ONBOARDING] TenantRegistry created: 280ms (Total: 7803ms)
вҸұпёҸ [TX] User operation took 2109ms
[EXECUTOR DEBUG] executeWithTenant result: {
  "business": {
    "subscription_plan": "free",
    "isActive": true,
    "settings": {},
    "id": "1260f2e3-078f-4c5c-bd79-d50c46422b5a",
    "name": "Billu Boies Cafe",
    "email": "Aakash123456@gmail.com",
    "phone": "+91-9876543210",
    "address": "123 Test Street, Bangalore",
    "gstNumber": "29ABCDE12384F1Z5",
    "type": "SOLO",
    "status": "active",
    "ownerId": "f2aa0354-5ede-4d0a-a817-9ec8fa94ab6e",
    "updated_at": "2026-03-24T20:47:26.478Z",
    "created_at": "2026-03-2
[TX:0c2a9d08] COMMIT;...
Executing (0c2a9d08-2ee8-4d25-9d09-c03716f253d9): COMMIT;
[TX END] Success | Total Duration: 8086ms
вң… Onboarding completed in 8087ms for Aakash123456@gmail.com
рҹ“Ҡ ONBOARDING BREAKDOWN: {"businessEmail":"Aakash123456@gmail.com","totalTime":8087,"businessId":"1260f2e3-078f-4c5c-bd79-d50c46422b5a","schemaName":"tenant_1260f2e3-078f-4c5c-bd79-d50c46422b5a"}
[CONTROLLER DEBUG] onboarding result: {
  "success": true,
  "businessId": "1260f2e3-078f-4c5c-bd79-d50c46422b5a",
  "outletId": "ce3737e6-0ceb-473a-9738-e9e4de316420",
  "schemaName": "tenant_1260f2e3-078f-4c5c-bd79-d50c46422b5a",
  "status": "onboarding",
  "message": "Business created. Schema initialization is running in background.",
  "duration": "8087ms"
}
вқҢ GLOBAL ERROR: {
  message: "Cannot read properties of undefined (reading 'id')",
  stack: "TypeError: Cannot read properties of undefined (reading 'id')\n" +
    '    at AuthService.generateAccessToken (/Users/admin/Downloads/billu by brewwlabs/pos-backend-multitenant-issues-resolved-updatd-code-21-march-2026/services/auth.service.js:287:22)\n' +
    '    at onboardBusiness (/Users/admin/Downloads/billu by brewwlabs/pos-backend-multitenant-issues-resolved-updatd-code-21-march-2026/controllers/onboardingController.js:55:45)\n' +
    '    at process.processTicksAndRejections (node:internal/process/task_queues:105:5)',
  path: '/api/onboarding/business',
  method: 'POST',
  timestamp: '2026-03-24T20:47:28.266Z'
}
Executing (default): SET search_path TO public
Executing (default): SET search_path TO public
рҹ”§ [PHASE 3] Search path reset to public after POST /api/onboarding/business
вң… POST /api/onboarding/business вҶ’ 200 (8667ms | DB: 0ms)
вҡ пёҸ SLOW REQUEST: POST /api/onboarding/business вҶ’ 200 (8667ms | DB: 0ms)
вҸұпёҸ [ONBOARDING] Starting: 0ms (Total: 0ms)
вҸұпёҸ [ONBOARDING] Executor setup: 0ms (Total: 0ms)
[TX START] Tenant: public | ID: tx_1774385402664_3ku9k
вң… [TENANT MODELS] Cache hit for tenant_public
вҸұпёҸ [TX] getTenantModels took 0ms
рҹ”Ң Connecting to unified schema-per-tenant database...
вң… Unified database connection established
[TX:0cbc585c] START TRANSACTION;...
Executing (0cbc585c-ac6f-48a4-bea6-ab9a4d6b253f): START TRANSACTION;
[TX:0cbc585c] SET TRANSACTION ISOLATION LEVEL READ COMMITTED;...
Executing (0cbc585c-ac6f-48a4-bea6-ab9a4d6b253f): SET TRANSACTION ISOLATION LEVEL READ COMMITTED;
вҸұпёҸ [TX] Transaction creation took 4400ms
[TX:0cbc585c] SET LOCAL search_path TO "tenant_public"...
Executing (0cbc585c-ac6f-48a4-bea6-ab9a4d6b253f): SET LOCAL search_path TO "tenant_public"
вҸұпёҸ [TX] SET search_path took 305ms
вҸұпёҸ [ONBOARDING] Transaction started: 4707ms (Total: 4707ms)
вҸұпёҸ [ONBOARDING] Models extracted: 0ms (Total: 4707ms)
[TX:0cbc585c] SELECT "id", "name", "address", "phone", "gst_number" AS "gstNumber", "email", "...
[TX:0cbc585c] SELECT "id", "business_id" AS "businessId", "outlet_id" AS "outletId", "outlet_i...
Executing (0cbc585c-ac6f-48a4-bea6-ab9a4d6b253f): SELECT "id", "name", "address", "phone", "gst_number" AS "gstNumber", "email", "status", "subscription_plan", "owner_id" AS "ownerId", "business_id" AS "businessId", "type", "is_active" AS "isActive", "settings", "created_at", "updated_at" FROM "public"."businesses" AS "Business" WHERE "Business"."email" = 'freshcafe888@test.com';
Executing (0cbc585c-ac6f-48a4-bea6-ab9a4d6b253f): SELECT "id", "business_id" AS "businessId", "outlet_id" AS "outletId", "outlet_ids" AS "outletIds", "name", "email", "phone", "password_hash" AS "password", "role", "is_verified" AS "isVerified", "is_active" AS "isActive", "last_login" AS "lastLogin", "panel_type" AS "panelType", "status", "salary", "location", "experience", "rating", "total_orders" AS "totalOrders", "performance", "token_version" AS "tokenVersion", "created_at", "updated_at", "business_id", "outlet_id" FROM "public"."users" AS "User" WHERE "User"."email" = 'adminfresh888@test.com' LIMIT 1;
вҸұпёҸ [ONBOARDING] Duplicate check completed: 599ms (Total: 5306ms)
Business 302d2af5-83e8-4f15-8b03-5b31d0765ccd properly linked to owner 1fddd299-a7a7-4b50-90da-773445a45410
[TX:0cbc585c] INSERT INTO "public"."businesses" ("id","name","address","phone","email","status...
Executing (0cbc585c-ac6f-48a4-bea6-ab9a4d6b253f): INSERT INTO "public"."businesses" ("id","name","address","phone","email","status","subscription_plan","owner_id","type","is_active","settings","created_at","updated_at") VALUES ($1,$2,$3,$4,$5,$6,$7,$8,$9,$10,$11,$12,$13) RETURNING "id","name","address","phone","gst_number","email","status","subscription_plan","owner_id","business_id","type","is_active","settings","created_at","updated_at";
вҸұпёҸ [ONBOARDING] Business created: 392ms (Total: 5698ms)
[TX:0cbc585c] CREATE SCHEMA IF NOT EXISTS "tenant_302d2af5-83e8-4f15-8b03-5b31d0765ccd"...
Executing (0cbc585c-ac6f-48a4-bea6-ab9a4d6b253f): CREATE SCHEMA IF NOT EXISTS "tenant_302d2af5-83e8-4f15-8b03-5b31d0765ccd"
вҸұпёҸ [ONBOARDING] Schema created: 286ms (Total: 5984ms)
вҸұпёҸ [ONBOARDING] Password hashed: 31ms (Total: 6015ms)
[TX:0cbc585c] INSERT INTO "public"."users" ("id","business_id","outlet_id","outlet_ids","name"...
Executing (0cbc585c-ac6f-48a4-bea6-ab9a4d6b253f): INSERT INTO "public"."users" ("id","business_id","outlet_id","outlet_ids","name","email","password_hash","role","is_verified","is_active","panel_type","status","rating","total_orders","performance","token_version","created_at","updated_at") VALUES ($1,$2,$3,$4,$5,$6,$7,$8,$9,$10,$11,$12,$13,$14,$15,$16,$17,$18) RETURNING "id","business_id","outlet_id","outlet_ids","name","email","phone","password_hash","role","is_verified","is_active","last_login","panel_type","status","salary","location","experience","rating","total_orders","performance","token_version","created_at","updated_at","business_id","outlet_id";
вҸұпёҸ [ONBOARDING] User created: 369ms (Total: 6384ms)
[TX:0cbc585c] INSERT INTO "public"."tenant_registry" ("id","business_id","schema_name","status...
Executing (0cbc585c-ac6f-48a4-bea6-ab9a4d6b253f): INSERT INTO "public"."tenant_registry" ("id","business_id","schema_name","status","created_at") VALUES ($1,$2,$3,$4,$5) RETURNING "id","business_id","schema_name","status","created_at","business_id";
вҸұпёҸ [ONBOARDING] TenantRegistry created: 304ms (Total: 6688ms)
вҸұпёҸ [TX] User operation took 1981ms
[EXECUTOR DEBUG] executeWithTenant result: {
  "business": {
    "subscription_plan": "free",
    "isActive": true,
    "settings": {},
    "id": "302d2af5-83e8-4f15-8b03-5b31d0765ccd",
    "name": "FreshCafe",
    "email": "freshcafe888@test.com",
    "phone": "123",
    "address": "Addr",
    "gstNumber": null,
    "type": "SOLO",
    "status": "active",
    "ownerId": "1fddd299-a7a7-4b50-90da-773445a45410",
    "updated_at": "2026-03-24T20:50:07.972Z",
    "created_at": "2026-03-24T20:50:07.972Z",
    "businessId": null
  },
  "admin"
[TX:0cbc585c] COMMIT;...
Executing (0cbc585c-ac6f-48a4-bea6-ab9a4d6b253f): COMMIT;
[TX END] Success | Total Duration: 6985ms
вң… Onboarding completed in 6985ms for freshcafe888@test.com
рҹ“Ҡ ONBOARDING BREAKDOWN: {"businessEmail":"freshcafe888@test.com","totalTime":6985,"businessId":"302d2af5-83e8-4f15-8b03-5b31d0765ccd","schemaName":"tenant_302d2af5-83e8-4f15-8b03-5b31d0765ccd"}
[CONTROLLER DEBUG] onboarding result: {
  "success": true,
  "businessId": "302d2af5-83e8-4f15-8b03-5b31d0765ccd",
  "outletId": "bc201405-a51e-4f48-b5d5-8c5c385aa198",
  "schemaName": "tenant_302d2af5-83e8-4f15-8b03-5b31d0765ccd",
  "status": "onboarding",
  "message": "Business created. Schema initialization is running in background.",
  "duration": "6985ms"
}
вқҢ GLOBAL ERROR: {
  message: "Cannot read properties of undefined (reading 'id')",
  stack: "TypeError: Cannot read properties of undefined (reading 'id')\n" +
    '    at AuthService.generateAccessToken (/Users/admin/Downloads/billu by brewwlabs/pos-backend-multitenant-issues-resolved-updatd-code-21-march-2026/services/auth.service.js:287:22)\n' +
    '    at onboardBusiness (/Users/admin/Downloads/billu by brewwlabs/pos-backend-multitenant-issues-resolved-updatd-code-21-march-2026/controllers/onboardingController.js:55:45)\n' +
    '    at process.processTicksAndRejections (node:internal/process/task_queues:105:5)',
  path: '/api/onboarding/business',
  method: 'POST',
  timestamp: '2026-03-24T20:50:09.650Z'
}
Executing (default): SET search_path TO public
Executing (default): SET search_path TO public
рҹ”§ [PHASE 3] Search path reset to public after POST /api/onboarding/business
вң… POST /api/onboarding/business вҶ’ 200 (7598ms | DB: 0ms)
вҡ пёҸ SLOW REQUEST: POST /api/onboarding/business вҶ’ 200 (7598ms | DB: 0ms)
